<?xml version="1.0" encoding="UTF-8"?>
<testsuites>
	<testsuite tests="0" failures="0" time="0.004" name="github.com/antha-lang/antha/antha/AnthaStandardLibrary/Packages/sequences">
		<properties>
			<property name="go.version" value="go1.5.1"></property>
		</properties>
	</testsuite>
	<testsuite tests="12" failures="0" time="0.013" name="github.com/antha-lang/antha/antha/anthalib/wtype">
		<properties>
			<property name="go.version" value="go1.5.1"></property>
		</properties>
		<testcase classname="wtype" name="TestSameLocation" time="0.000"></testcase>
		<testcase classname="wtype" name="TestDeserializeLHSolution" time="0.000"></testcase>
		<testcase classname="wtype" name="TestDeserializeGenericPhysical" time="0.000"></testcase>
		<testcase classname="wtype" name="TestIdempotentGenericPhysical" time="0.000"></testcase>
		<testcase classname="wtype" name="TestDeserializeGenericMatter" time="0.000"></testcase>
		<testcase classname="wtype" name="TestLHWellSerialize" time="0.000"></testcase>
		<testcase classname="wtype" name="TestSerializeLHPlate_1" time="0.010"></testcase>
		<testcase classname="wtype" name="TestSerializeLHPlateGenericEntity" time="0.000"></testcase>
		<testcase classname="wtype" name="TestOne" time="0.000"></testcase>
		<testcase classname="wtype" name="TestLocations" time="0.000"></testcase>
		<testcase classname="wtype" name="TestWellCoords" time="0.000"></testcase>
		<testcase classname="wtype" name="ExampleOne" time="0.000"></testcase>
	</testsuite>
	<testsuite tests="17" failures="0" time="0.003" name="github.com/antha-lang/antha/antha/anthalib/wunit">
		<properties>
			<property name="go.version" value="go1.5.1"></property>
		</properties>
		<testcase classname="wunit" name="TestVolumeMarshal" time="0.000"></testcase>
		<testcase classname="wunit" name="TestDeserializeConcreteMeasurement" time="0.000"></testcase>
		<testcase classname="wunit" name="TestDeserializeTemperature" time="0.000"></testcase>
		<testcase classname="wunit" name="TestBasic" time="0.000"></testcase>
		<testcase classname="wunit" name="TestTwo" time="0.000"></testcase>
		<testcase classname="wunit" name="TestFour" time="0.000"></testcase>
		<testcase classname="wunit" name="TestFive" time="0.000"></testcase>
		<testcase classname="wunit" name="TestSIParsing" time="0.000"></testcase>
		<testcase classname="wunit" name="TestUnitConversion" time="0.000"></testcase>
		<testcase classname="wunit" name="TestJSON" time="0.000"></testcase>
		<testcase classname="wunit" name="ExampleBasic" time="0.000"></testcase>
		<testcase classname="wunit" name="ExampleTwo" time="0.000"></testcase>
		<testcase classname="wunit" name="ExampleFour" time="0.000"></testcase>
		<testcase classname="wunit" name="ExampleFive" time="0.000"></testcase>
		<testcase classname="wunit" name="ExampleSix" time="0.000"></testcase>
		<testcase classname="wunit" name="ExampleSeven" time="0.000"></testcase>
		<testcase classname="wunit" name="ExampleEight" time="0.000"></testcase>
	</testsuite>
	<testsuite tests="7" failures="0" time="0.002" name="github.com/antha-lang/antha/antha/anthalib/wutil">
		<properties>
			<property name="go.version" value="go1.5.1"></property>
		</properties>
		<testcase classname="wutil" name="TestRound" time="0.000"></testcase>
		<testcase classname="wutil" name="TestNumToAlpha" time="0.000"></testcase>
		<testcase classname="wutil" name="TestAlphaToNum" time="0.000"></testcase>
		<testcase classname="wutil" name="TestIntSet" time="0.000"></testcase>
		<testcase classname="wutil" name="ExampleRound" time="0.000"></testcase>
		<testcase classname="wutil" name="ExampleNTA" time="0.000"></testcase>
		<testcase classname="wutil" name="ExampleATN" time="0.000"></testcase>
	</testsuite>
	<testsuite tests="7" failures="0" time="0.003" name="github.com/antha-lang/antha/antha/ast">
		<properties>
			<property name="go.version" value="go1.5.1"></property>
		</properties>
		<testcase classname="ast" name="TestCommentText" time="0.000"></testcase>
		<testcase classname="ast" name="TestPrint" time="0.000"></testcase>
		<testcase classname="ast" name="TestCommentMap" time="0.000"></testcase>
		<testcase classname="ast" name="TestFilterDuplicates" time="0.000"></testcase>
		<testcase classname="ast" name="ExampleInspect" time="0.000"></testcase>
		<testcase classname="ast" name="ExamplePrint" time="0.000"></testcase>
		<testcase classname="ast" name="ExampleCommentMap" time="0.000"></testcase>
	</testsuite>
	<testsuite tests="11" failures="0" time="0.013" name="github.com/antha-lang/antha/antha/build">
		<properties>
			<property name="go.version" value="go1.5.1"></property>
		</properties>
		<testcase classname="build" name="TestMatch" time="0.000"></testcase>
		<testcase classname="build" name="TestDotSlashImport" time="0.000"></testcase>
		<testcase classname="build" name="TestEmptyImport" time="0.000"></testcase>
		<testcase classname="build" name="TestLocalDirectory" time="0.010"></testcase>
		<testcase classname="build" name="TestShouldBuild" time="0.000"></testcase>
		<testcase classname="build" name="TestMatchFile" time="0.000"></testcase>
		<testcase classname="build" name="TestReadImports" time="0.000"></testcase>
		<testcase classname="build" name="TestReadComments" time="0.000"></testcase>
		<testcase classname="build" name="TestReadFailures" time="0.000"></testcase>
		<testcase classname="build" name="TestReadFailuresIgnored" time="0.000"></testcase>
		<testcase classname="build" name="TestGoodOSArch" time="0.000"></testcase>
	</testsuite>
	<testsuite tests="9" failures="0" time="0.004" name="github.com/antha-lang/antha/antha/compile">
		<properties>
			<property name="go.version" value="go1.5.1"></property>
		</properties>
		<testcase classname="compile" name="TestTypeSugaring" time="0.000"></testcase>
		<testcase classname="compile" name="TestGenerateGraphRunnerOfEmptyComponent" time="0.000"></testcase>
		<testcase classname="compile" name="TestBadGenerateGraphRunnerOfEmptyComponent" time="0.000"></testcase>
		<testcase classname="compile" name="TestGenerateLibOfEmptyComponent" time="0.000"></testcase>
		<testcase classname="compile" name="TestBadGenerateLibOfEmptyComponent" time="0.000"></testcase>
		<testcase classname="compile" name="TestLineComments" time="0.000"></testcase>
		<testcase classname="compile" name="TestBadNodes" time="0.000"></testcase>
		<testcase classname="compile" name="TestBadComments" time="0.000">
			<skipped message="nodes_test.go:275: not supported in antha"></skipped>
		</testcase>
		<testcase classname="compile" name="TestX" time="0.000"></testcase>
	</testsuite>
	<testsuite tests="3" failures="0" time="0.002" name="github.com/antha-lang/antha/antha/execute">
		<properties>
			<property name="go.version" value="go1.5.1"></property>
		</properties>
		<testcase classname="execute" name="TestSimple" time="0.000"></testcase>
		<testcase classname="execute" name="TestAdd" time="0.000"></testcase>
		<testcase classname="execute" name="TestSimpleValuesJSONBlockUnmarshalJSON" time="0.000"></testcase>
	</testsuite>
	<testsuite tests="3" failures="0" time="0.005" name="github.com/antha-lang/antha/antha/format">
		<properties>
			<property name="go.version" value="go1.5.1"></property>
		</properties>
		<testcase classname="format" name="TestNode" time="0.000"></testcase>
		<testcase classname="format" name="TestSource" time="0.000"></testcase>
		<testcase classname="format" name="TestPartial" time="0.000"></testcase>
	</testsuite>
	<testsuite tests="13" failures="0" time="0.007" name="github.com/antha-lang/antha/antha/parser">
		<properties>
			<property name="go.version" value="go1.5.1"></property>
		</properties>
		<testcase classname="parser" name="TestErrors" time="0.000"></testcase>
		<testcase classname="parser" name="TestParse" time="0.000"></testcase>
		<testcase classname="parser" name="TestParseExpr" time="0.000"></testcase>
		<testcase classname="parser" name="TestColonEqualsScope" time="0.000"></testcase>
		<testcase classname="parser" name="TestVarScope" time="0.000"></testcase>
		<testcase classname="parser" name="TestObjects" time="0.000"></testcase>
		<testcase classname="parser" name="TestUnresolved" time="0.000"></testcase>
		<testcase classname="parser" name="TestImports" time="0.000"></testcase>
		<testcase classname="parser" name="TestCommentGroups" time="0.000"></testcase>
		<testcase classname="parser" name="TestLeadAndLineComments" time="0.000"></testcase>
		<testcase classname="parser" name="TestValid" time="0.000"></testcase>
		<testcase classname="parser" name="TestInvalid" time="0.000"></testcase>
		<testcase classname="parser" name="ExampleParseFile" time="0.000"></testcase>
	</testsuite>
	<testsuite tests="12" failures="0" time="0.141" name="github.com/antha-lang/antha/antha/printer">
		<properties>
			<property name="go.version" value="go1.5.1"></property>
		</properties>
		<testcase classname="printer" name="TestFiles" time="0.050"></testcase>
		<testcase classname="printer" name="TestLineComments" time="0.000"></testcase>
		<testcase classname="printer" name="TestBadNodes" time="0.000"></testcase>
		<testcase classname="printer" name="TestBadComments" time="0.070"></testcase>
		<testcase classname="printer" name="TestSourcePos" time="0.000"></testcase>
		<testcase classname="printer" name="TestDeclLists" time="0.000"></testcase>
		<testcase classname="printer" name="TestStmtLists" time="0.000"></testcase>
		<testcase classname="printer" name="TestBaseIndent" time="0.020"></testcase>
		<testcase classname="printer" name="TestFuncType" time="0.000"></testcase>
		<testcase classname="printer" name="TestX" time="0.000"></testcase>
		<testcase classname="printer" name="Test" time="0.000"></testcase>
		<testcase classname="printer" name="ExampleFprint" time="0.000"></testcase>
	</testsuite>
	<testsuite tests="7" failures="0" time="0.002" name="github.com/antha-lang/antha/antha/scanner">
		<properties>
			<property name="go.version" value="go1.5.1"></property>
		</properties>
		<testcase classname="scanner" name="TestScan" time="0.000"></testcase>
		<testcase classname="scanner" name="TestSemis" time="0.000"></testcase>
		<testcase classname="scanner" name="TestLineComments" time="0.000"></testcase>
		<testcase classname="scanner" name="TestInit" time="0.000"></testcase>
		<testcase classname="scanner" name="TestStdErrorHander" time="0.000"></testcase>
		<testcase classname="scanner" name="TestScanErrors" time="0.000"></testcase>
		<testcase classname="scanner" name="ExampleScanner_Scan" time="0.000"></testcase>
	</testsuite>
	<testsuite tests="8" failures="0" time="0.012" name="github.com/antha-lang/antha/antha/token">
		<properties>
			<property name="go.version" value="go1.5.1"></property>
		</properties>
		<testcase classname="token" name="TestNoPos" time="0.000"></testcase>
		<testcase classname="token" name="TestPositions" time="0.010"></testcase>
		<testcase classname="token" name="TestLineInfo" time="0.000"></testcase>
		<testcase classname="token" name="TestFiles" time="0.000"></testcase>
		<testcase classname="token" name="TestFileSetPastEnd" time="0.000"></testcase>
		<testcase classname="token" name="TestFileSetCacheUnlikely" time="0.000"></testcase>
		<testcase classname="token" name="TestFileSetRace" time="0.000"></testcase>
		<testcase classname="token" name="TestSerialization" time="0.000"></testcase>
	</testsuite>
	<testsuite tests="2" failures="0" time="0.003" name="github.com/antha-lang/antha/cmd/antha">
		<properties>
			<property name="go.version" value="go1.5.1"></property>
		</properties>
		<testcase classname="antha" name="TestImportPathFail" time="0.000"></testcase>
		<testcase classname="antha" name="TestImportPath" time="0.000"></testcase>
	</testsuite>
	<testsuite tests="1" failures="0" time="0.007" name="github.com/antha-lang/antha/microArch/equipment/manual">
		<properties>
			<property name="go.version" value="go1.5.1"></property>
		</properties>
		<testcase classname="manual" name="TestCapabilities" time="0.000"></testcase>
	</testsuite>
	<testsuite tests="1" failures="0" time="0.002" name="github.com/antha-lang/antha/microArch/equipment/manual/cli">
		<properties>
			<property name="go.version" value="go1.5.1"></property>
		</properties>
		<testcase classname="cli" name="TestRunWithReaderWriter" time="0.000"></testcase>
	</testsuite>
	<testsuite tests="2" failures="0" time="0.002" name="github.com/antha-lang/antha/microArch/frontend/socket">
		<properties>
			<property name="go.version" value="go1.5.1"></property>
		</properties>
		<testcase classname="socket" name="TestMarshalMessageType" time="0.000"></testcase>
		<testcase classname="socket" name="TestBuildMessageSocketMessage" time="0.000"></testcase>
	</testsuite>
	<testsuite tests="5" failures="0" time="0.004" name="github.com/antha-lang/antha/microArch/logger">
		<properties>
			<property name="go.version" value="go1.5.1"></property>
		</properties>
		<testcase classname="logger" name="TestRegisterMiddleware" time="0.000"></testcase>
		<testcase classname="logger" name="TestRegisterMiddlewareLock" time="0.000"></testcase>
		<testcase classname="logger" name="TestMiddlewareCalls" time="0.000"></testcase>
		<testcase classname="logger" name="TestMiddlewareCallsSync" time="0.000"></testcase>
		<testcase classname="logger" name="TestDefaultLogger" time="0.000"></testcase>
	</testsuite>
	<testsuite tests="1" failures="0" time="0.002" name="github.com/antha-lang/antha/microArch/logger/middleware/file">
		<properties>
			<property name="go.version" value="go1.5.1"></property>
		</properties>
		<testcase classname="file" name="TestRegisterFileMiddleware" time="0.000"></testcase>
	</testsuite>
	<testsuite tests="2" failures="0" time="0.002" name="github.com/antha-lang/antha/microArch/logger/middleware/handler">
		<properties>
			<property name="go.version" value="go1.5.1"></property>
		</properties>
		<testcase classname="handler" name="TestLogHandler" time="0.000"></testcase>
		<testcase classname="handler" name="TestLogHandlerMiddleware" time="0.000"></testcase>
	</testsuite>
	<testsuite tests="1" failures="0" time="0.007" name="github.com/antha-lang/antha/microArch/scheduler/liquidhandling">
		<properties>
			<property name="go.version" value="go1.5.1"></property>
		</properties>
		<testcase classname="liquidhandling" name="TestStockConcs" time="0.000"></testcase>
	</testsuite>
</testsuites>
